<?xml version="1.0" encoding="UTF-8" ?>
<testsuites>
  <testsuite errors="2" failures="0" name="RunCucumberTest" package="" skipped="4" tests="7" time="48.021">
      <properties>
          <property name="java.runtime.name" value="Java(TM) SE Runtime Environment" />

          <property name="sun.boot.library.path" value="C:\Program Files\Java\jdk1.8.0_191\jre\bin" />

          <property name="java.vm.version" value="25.191-b12" />

          <property name="java.vm.vendor" value="Oracle Corporation" />

          <property name="maven.multiModuleProjectDirectory" value="C:\automatedtests" />

          <property name="java.vendor.url" value="http://java.oracle.com/" />

          <property name="path.separator" value=";" />

          <property name="guice.disable.misplaced.annotation.check" value="true" />

          <property name="java.vm.name" value="Java HotSpot(TM) 64-Bit Server VM" />

          <property name="file.encoding.pkg" value="sun.io" />

          <property name="user.script" value="" />

          <property name="user.country" value="FR" />

          <property name="sun.java.launcher" value="SUN_STANDARD" />

          <property name="sun.os.patch.level" value="" />

          <property name="java.vm.specification.name" value="Java Virtual Machine Specification" />

          <property name="user.dir" value="C:\automatedtests" />

          <property name="java.runtime.version" value="1.8.0_191-b12" />

          <property name="java.awt.graphicsenv" value="sun.awt.Win32GraphicsEnvironment" />

          <property name="java.endorsed.dirs" value="C:\Program Files\Java\jdk1.8.0_191\jre\lib\endorsed" />

          <property name="os.arch" value="amd64" />

          <property name="java.io.tmpdir" value="C:\Users\Olivier\AppData\Local\Temp\" />

          <property name="line.separator" value=" " />

          <property name="java.vm.specification.vendor" value="Oracle Corporation" />

          <property name="user.variant" value="" />

          <property name="os.name" value="Windows 10" />

          <property name="classworlds.conf" value="C:\Users\Olivier\Documents\dependencies\apache-maven-3.6.0\bin\..\bin\m2.conf" />

          <property name="sun.jnu.encoding" value="Cp1252" />

          <property name="java.library.path" value="C:\Program Files\Java\jdk1.8.0_191\bin;C:\Windows\Sun\Java\bin;C:\Windows\system32;C:\Windows;C:\Program Files (x86)\Common Files\Oracle\Java\javapath;C:\Windows\system32;C:\Windows;C:\Windows\System32\Wbem;C:\Windows\System32\WindowsPowerShell\v1.0\;C:\Windows\System32\OpenSSH\;C:\Python27\;C:\Python27\Scripts;C:\Python27\Lib;;C:\Python27\;C:\Python27\Scripts;C:\Python27\Lib;\Lib;C:\Python27\;C:\Python27\Scripts;C:\Python27\Lib;\Scripts;C:\Program Files\Git\cmd;C:\jython2.7.0\bin;C:\Program Files\nodejs\;C:\slat-eclipse\at\library\webdrivers\chromedriver.exe;C:\Users\Olivier\Documents\dependencies\apache-maven-3.6.0\bin;C:\Program Files\Java\jdk1.8.0_191\bin;C:\Users\Olivier\AppData\Local\Microsoft\WindowsApps;C:\Python27\;C:\Users\Olivier\AppData\Roaming\npm;C:\slat-eclipse\at\library\webdrivers\chromedriver.exe;;." />

          <property name="maven.conf" value="C:\Users\Olivier\Documents\dependencies\apache-maven-3.6.0\bin\../conf" />

          <property name="java.specification.name" value="Java Platform API Specification" />

          <property name="java.class.version" value="52.0" />

          <property name="sun.management.compiler" value="HotSpot 64-Bit Tiered Compilers" />

          <property name="os.version" value="10.0" />

          <property name="library.jansi.path" value="C:\Users\Olivier\Documents\dependencies\apache-maven-3.6.0\bin\..\lib\jansi-native" />

          <property name="user.home" value="C:\Users\Olivier" />

          <property name="user.timezone" value="Europe/Paris" />

          <property name="java.awt.printerjob" value="sun.awt.windows.WPrinterJob" />

          <property name="java.specification.version" value="1.8" />

          <property name="file.encoding" value="Cp1252" />

          <property name="user.name" value="Olivier" />

          <property name="java.class.path" value="C:\Users\Olivier\Documents\dependencies\apache-maven-3.6.0\bin\..\boot\plexus-classworlds-2.5.2.jar" />

          <property name="java.vm.specification.version" value="1.8" />

          <property name="sun.arch.data.model" value="64" />

          <property name="java.home" value="C:\Program Files\Java\jdk1.8.0_191\jre" />

          <property name="sun.java.command" value="org.codehaus.plexus.classworlds.launcher.Launcher clean install" />

          <property name="java.specification.vendor" value="Oracle Corporation" />

          <property name="user.language" value="fr" />

          <property name="awt.toolkit" value="sun.awt.windows.WToolkit" />

          <property name="java.vm.info" value="mixed mode" />

          <property name="java.version" value="1.8.0_191" />

          <property name="java.ext.dirs" value="C:\Program Files\Java\jdk1.8.0_191\jre\lib\ext;C:\Windows\Sun\Java\lib\ext" />

          <property name="sun.boot.class.path" value="C:\Program Files\Java\jdk1.8.0_191\jre\lib\resources.jar;C:\Program Files\Java\jdk1.8.0_191\jre\lib\rt.jar;C:\Program Files\Java\jdk1.8.0_191\jre\lib\sunrsasign.jar;C:\Program Files\Java\jdk1.8.0_191\jre\lib\jsse.jar;C:\Program Files\Java\jdk1.8.0_191\jre\lib\jce.jar;C:\Program Files\Java\jdk1.8.0_191\jre\lib\charsets.jar;C:\Program Files\Java\jdk1.8.0_191\jre\lib\jfr.jar;C:\Program Files\Java\jdk1.8.0_191\jre\classes" />

          <property name="sun.stderr.encoding" value="cp850" />

          <property name="java.vendor" value="Oracle Corporation" />

          <property name="maven.home" value="C:\Users\Olivier\Documents\dependencies\apache-maven-3.6.0\bin\.." />

          <property name="file.separator" value="\" />

          <property name="java.vendor.url.bug" value="http://bugreport.sun.com/bugreport/" />

          <property name="sun.cpu.endian" value="little" />

          <property name="sun.io.unicode.encoding" value="UnicodeLittle" />

          <property name="sun.stdout.encoding" value="cp850" />

          <property name="sun.desktop" value="windows" />

          <property name="sun.cpu.isalist" value="amd64" />

      </properties>

      <testcase classname="Scenario: A successful test" name="When I wait 1 hour" time="11.981">
          <skipped />

          <system-out>@Belly
Feature: First Tests
  Draft of tests for safety line
Failed test here
</system-out>

          <system-err>Starting ChromeDriver 2.43.600210 (68dcf5eebde37173d4027fa8635e332711d2874a) on port 9450
Only local connections are allowed.
nov. 13, 2018 3:55:09 PM org.openqa.selenium.remote.ProtocolHandshake createSession
INFOS: Detected dialect: OSS
</system-err>

      </testcase>

      <testcase classname="Scenario: A successful test" name="Then The download is done" time="11.996">
          <skipped />

      </testcase>

      <testcase classname="Scenario: A successful test" name="Scenario: A successful test" time="11.999">
          <skipped />

      </testcase>

      <testcase classname="Scenario: A successful test" name="Scenario: A successful test" time="12" />

      <testcase classname="Scenario: A failed test" name="Given I have 0 file in queue" time="0.013">
          <error message="no such element: Unable to locate element: {&quot;method&quot;:&quot;id&quot;,&quot;selector&quot;:&quot;heaader&quot;}   (Session info: chrome=70.0.3538.77)   (Driver info: chromedriver=2.43.600210 (68dcf5eebde37173d4027fa8635e332711d2874a),platform=Windows NT 10.0.17134 x86_64) (WARNING: The server did not provide any stacktrace information) Command duration or timeout: 0 milliseconds For documentation on this error, please visit: http://seleniumhq.org/exceptions/no_such_element.html Build info: version: &apos;3.9.1&apos;, revision: &apos;63f7b50&apos;, time: &apos;2018-02-07T22:25:02.294Z&apos; System info: host: &apos;DESKTOP-B3IDAST&apos;, ip: &apos;192.168.31.103&apos;, os.name: &apos;Windows 10&apos;, os.arch: &apos;amd64&apos;, os.version: &apos;10.0&apos;, java.version: &apos;1.8.0_191&apos; Driver info: org.openqa.selenium.chrome.ChromeDriver Capabilities {acceptInsecureCerts: false, acceptSslCerts: false, applicationCacheEnabled: false, browserConnectionEnabled: false, browserName: chrome, chrome: {chromedriverVersion: 2.43.600210 (68dcf5eebde371..., userDataDir: C:\Users\Olivier\AppData\Lo...}, cssSelectorsEnabled: true, databaseEnabled: false, goog:chromeOptions: {debuggerAddress: localhost:59093}, handlesAlerts: true, hasTouchScreen: false, javascriptEnabled: true, locationContextEnabled: true, mobileEmulationEnabled: false, nativeEvents: true, networkConnectionEnabled: false, pageLoadStrategy: normal, platform: XP, platformName: XP, rotatable: false, setWindowRect: true, takesHeapSnapshot: true, takesScreenshot: true, unexpectedAlertBehaviour: , unhandledPromptBehavior: , version: 70.0.3538.77, webStorageEnabled: true} Session ID: 2636bf4634fa5cb669dd0befc7133717 *** Element info: {Using=id, value=heaader}" type="org.openqa.selenium.NoSuchElementException">org.openqa.selenium.NoSuchElementException: no such element: Unable to locate element: {&quot;method&quot;:&quot;id&quot;,&quot;selector&quot;:&quot;heaader&quot;}
  (Session info: chrome=70.0.3538.77)
  (Driver info: chromedriver=2.43.600210 (68dcf5eebde37173d4027fa8635e332711d2874a),platform=Windows NT 10.0.17134 x86_64) (WARNING: The server did not provide any stacktrace information)
Command duration or timeout: 0 milliseconds
For documentation on this error, please visit: http://seleniumhq.org/exceptions/no_such_element.html
Build info: version: &apos;3.9.1&apos;, revision: &apos;63f7b50&apos;, time: &apos;2018-02-07T22:25:02.294Z&apos;
System info: host: &apos;DESKTOP-B3IDAST&apos;, ip: &apos;192.168.31.103&apos;, os.name: &apos;Windows 10&apos;, os.arch: &apos;amd64&apos;, os.version: &apos;10.0&apos;, java.version: &apos;1.8.0_191&apos;
Driver info: org.openqa.selenium.chrome.ChromeDriver
Capabilities {acceptInsecureCerts: false, acceptSslCerts: false, applicationCacheEnabled: false, browserConnectionEnabled: false, browserName: chrome, chrome: {chromedriverVersion: 2.43.600210 (68dcf5eebde371..., userDataDir: C:\Users\Olivier\AppData\Lo...}, cssSelectorsEnabled: true, databaseEnabled: false, goog:chromeOptions: {debuggerAddress: localhost:59093}, handlesAlerts: true, hasTouchScreen: false, javascriptEnabled: true, locationContextEnabled: true, mobileEmulationEnabled: false, nativeEvents: true, networkConnectionEnabled: false, pageLoadStrategy: normal, platform: XP, platformName: XP, rotatable: false, setWindowRect: true, takesHeapSnapshot: true, takesScreenshot: true, unexpectedAlertBehaviour: , unhandledPromptBehavior: , version: 70.0.3538.77, webStorageEnabled: true}
Session ID: 2636bf4634fa5cb669dd0befc7133717
*** Element info: {Using=id, value=heaader}
	at sun.reflect.NativeConstructorAccessorImpl.newInstance0(Native Method)
	at sun.reflect.NativeConstructorAccessorImpl.newInstance(NativeConstructorAccessorImpl.java:62)
	at sun.reflect.DelegatingConstructorAccessorImpl.newInstance(DelegatingConstructorAccessorImpl.java:45)
	at java.lang.reflect.Constructor.newInstance(Constructor.java:423)
	at org.openqa.selenium.remote.ErrorHandler.createThrowable(ErrorHandler.java:214)
	at org.openqa.selenium.remote.ErrorHandler.throwIfResponseFailed(ErrorHandler.java:166)
	at org.openqa.selenium.remote.http.JsonHttpResponseCodec.reconstructValue(JsonHttpResponseCodec.java:40)
	at org.openqa.selenium.remote.http.AbstractHttpResponseCodec.decode(AbstractHttpResponseCodec.java:80)
	at org.openqa.selenium.remote.http.AbstractHttpResponseCodec.decode(AbstractHttpResponseCodec.java:44)
	at org.openqa.selenium.remote.HttpCommandExecutor.execute(HttpCommandExecutor.java:160)
	at org.openqa.selenium.remote.service.DriverCommandExecutor.execute(DriverCommandExecutor.java:83)
	at org.openqa.selenium.remote.RemoteWebDriver.execute(RemoteWebDriver.java:601)
	at org.openqa.selenium.remote.RemoteWebDriver.findElement(RemoteWebDriver.java:371)
	at org.openqa.selenium.remote.RemoteWebDriver.findElementById(RemoteWebDriver.java:417)
	at org.openqa.selenium.By$ById.findElement(By.java:218)
	at org.openqa.selenium.remote.RemoteWebDriver.findElement(RemoteWebDriver.java:363)
	at StepDefinitions.i_have_file_in_queue(StepDefinitions.java:37)
	at ✽.Given I have 0 file in queue(belly.feature:12)
</error>

          <system-out>
  @Test1
  Scenario: A successful test &#27;[90m# belly.feature:6&#27;[0m
    &#27;[33mWhen &#27;[0m&#27;[33mI wait &#27;[0m&#27;[33m&#27;[1m1&#27;[0m&#27;[33m hour&#27;[0m        &#27;[90m# StepDefinitions.i_wait_hour(int)&#27;[0m
      &#27;[31mcucumber.api.PendingException: TODO: implement me
      	at StepDefinitions.i_wait_hour(StepDefinitions.java:53)
      	at ?.When I wait 1 hour(belly.feature:7)
      &#27;[0m
    &#27;[36mThen &#27;[0m&#27;[36mThe download is done&#27;[0m &#27;[90m# StepDefinitions.the_download_is_done()&#27;[0m
Successful test here
</system-out>

          <system-err>Starting ChromeDriver 2.43.600210 (68dcf5eebde37173d4027fa8635e332711d2874a) on port 10154
Only local connections are allowed.
nov. 13, 2018 3:55:20 PM org.openqa.selenium.remote.ProtocolHandshake createSession
INFOS: Detected dialect: OSS
</system-err>

      </testcase>

      <testcase classname="Scenario: A failed test" name="Scenario: A failed test" time="0.016">
          <error message="no such element: Unable to locate element: {&quot;method&quot;:&quot;id&quot;,&quot;selector&quot;:&quot;heaader&quot;}   (Session info: chrome=70.0.3538.77)   (Driver info: chromedriver=2.43.600210 (68dcf5eebde37173d4027fa8635e332711d2874a),platform=Windows NT 10.0.17134 x86_64) (WARNING: The server did not provide any stacktrace information) Command duration or timeout: 0 milliseconds For documentation on this error, please visit: http://seleniumhq.org/exceptions/no_such_element.html Build info: version: &apos;3.9.1&apos;, revision: &apos;63f7b50&apos;, time: &apos;2018-02-07T22:25:02.294Z&apos; System info: host: &apos;DESKTOP-B3IDAST&apos;, ip: &apos;192.168.31.103&apos;, os.name: &apos;Windows 10&apos;, os.arch: &apos;amd64&apos;, os.version: &apos;10.0&apos;, java.version: &apos;1.8.0_191&apos; Driver info: org.openqa.selenium.chrome.ChromeDriver Capabilities {acceptInsecureCerts: false, acceptSslCerts: false, applicationCacheEnabled: false, browserConnectionEnabled: false, browserName: chrome, chrome: {chromedriverVersion: 2.43.600210 (68dcf5eebde371..., userDataDir: C:\Users\Olivier\AppData\Lo...}, cssSelectorsEnabled: true, databaseEnabled: false, goog:chromeOptions: {debuggerAddress: localhost:59093}, handlesAlerts: true, hasTouchScreen: false, javascriptEnabled: true, locationContextEnabled: true, mobileEmulationEnabled: false, nativeEvents: true, networkConnectionEnabled: false, pageLoadStrategy: normal, platform: XP, platformName: XP, rotatable: false, setWindowRect: true, takesHeapSnapshot: true, takesScreenshot: true, unexpectedAlertBehaviour: , unhandledPromptBehavior: , version: 70.0.3538.77, webStorageEnabled: true} Session ID: 2636bf4634fa5cb669dd0befc7133717 *** Element info: {Using=id, value=heaader}" type="org.openqa.selenium.NoSuchElementException">org.openqa.selenium.NoSuchElementException: no such element: Unable to locate element: {&quot;method&quot;:&quot;id&quot;,&quot;selector&quot;:&quot;heaader&quot;}
  (Session info: chrome=70.0.3538.77)
  (Driver info: chromedriver=2.43.600210 (68dcf5eebde37173d4027fa8635e332711d2874a),platform=Windows NT 10.0.17134 x86_64) (WARNING: The server did not provide any stacktrace information)
Command duration or timeout: 0 milliseconds
For documentation on this error, please visit: http://seleniumhq.org/exceptions/no_such_element.html
Build info: version: &apos;3.9.1&apos;, revision: &apos;63f7b50&apos;, time: &apos;2018-02-07T22:25:02.294Z&apos;
System info: host: &apos;DESKTOP-B3IDAST&apos;, ip: &apos;192.168.31.103&apos;, os.name: &apos;Windows 10&apos;, os.arch: &apos;amd64&apos;, os.version: &apos;10.0&apos;, java.version: &apos;1.8.0_191&apos;
Driver info: org.openqa.selenium.chrome.ChromeDriver
Capabilities {acceptInsecureCerts: false, acceptSslCerts: false, applicationCacheEnabled: false, browserConnectionEnabled: false, browserName: chrome, chrome: {chromedriverVersion: 2.43.600210 (68dcf5eebde371..., userDataDir: C:\Users\Olivier\AppData\Lo...}, cssSelectorsEnabled: true, databaseEnabled: false, goog:chromeOptions: {debuggerAddress: localhost:59093}, handlesAlerts: true, hasTouchScreen: false, javascriptEnabled: true, locationContextEnabled: true, mobileEmulationEnabled: false, nativeEvents: true, networkConnectionEnabled: false, pageLoadStrategy: normal, platform: XP, platformName: XP, rotatable: false, setWindowRect: true, takesHeapSnapshot: true, takesScreenshot: true, unexpectedAlertBehaviour: , unhandledPromptBehavior: , version: 70.0.3538.77, webStorageEnabled: true}
Session ID: 2636bf4634fa5cb669dd0befc7133717
*** Element info: {Using=id, value=heaader}
	at sun.reflect.NativeConstructorAccessorImpl.newInstance0(Native Method)
	at sun.reflect.NativeConstructorAccessorImpl.newInstance(NativeConstructorAccessorImpl.java:62)
	at sun.reflect.DelegatingConstructorAccessorImpl.newInstance(DelegatingConstructorAccessorImpl.java:45)
	at java.lang.reflect.Constructor.newInstance(Constructor.java:423)
	at org.openqa.selenium.remote.ErrorHandler.createThrowable(ErrorHandler.java:214)
	at org.openqa.selenium.remote.ErrorHandler.throwIfResponseFailed(ErrorHandler.java:166)
	at org.openqa.selenium.remote.http.JsonHttpResponseCodec.reconstructValue(JsonHttpResponseCodec.java:40)
	at org.openqa.selenium.remote.http.AbstractHttpResponseCodec.decode(AbstractHttpResponseCodec.java:80)
	at org.openqa.selenium.remote.http.AbstractHttpResponseCodec.decode(AbstractHttpResponseCodec.java:44)
	at org.openqa.selenium.remote.HttpCommandExecutor.execute(HttpCommandExecutor.java:160)
	at org.openqa.selenium.remote.service.DriverCommandExecutor.execute(DriverCommandExecutor.java:83)
	at org.openqa.selenium.remote.RemoteWebDriver.execute(RemoteWebDriver.java:601)
	at org.openqa.selenium.remote.RemoteWebDriver.findElement(RemoteWebDriver.java:371)
	at org.openqa.selenium.remote.RemoteWebDriver.findElementById(RemoteWebDriver.java:417)
	at org.openqa.selenium.By$ById.findElement(By.java:218)
	at org.openqa.selenium.remote.RemoteWebDriver.findElement(RemoteWebDriver.java:363)
	at StepDefinitions.i_have_file_in_queue(StepDefinitions.java:37)
	at ✽.Given I have 0 file in queue(belly.feature:12)
</error>

      </testcase>

      <testcase classname="Scenario: A failed test" name="Then The download is done" time="0.016">
          <skipped />

      </testcase>

  </testsuite>
</testsuites>
